<?xml version="1.0" encoding="UTF-8"?>
<!-- Generated by org.testng.reporters.JUnitXMLReporter -->
<testsuite hostname="DESKTOP-6GCA1AB" ignored="0" name="POT Proposal" tests="1" failures="0" timestamp="25 Apr 2018 09:21:46 GMT" time="0.008" errors="0">
  <testcase name="@BeforeSuite setup" time="7.544" classname="com.ftTest.LoginFT">
    <failure type="org.openqa.selenium.SessionNotCreatedException" message="session not created exception
from disconnected: received Inspector.detached event
  (Session info: chrome=66.0.3359.117)
  (Driver info: chromedriver=2.37.544315 (730aa6a5fdba159ac9f4c1e8cbc59bf1b5ce12b7),platform=Windows NT 10.0.16299 x86_64) (WARNING: The server did not provide any stacktrace information)
Command duration or timeout: 4.95 seconds
Build info: version: &amp;apos;3.11.0&amp;apos;, revision: &amp;apos;e59cfb3&amp;apos;, time: &amp;apos;2018-03-11T20:26:55.152Z&amp;apos;
System info: host: &amp;apos;DESKTOP-6GCA1AB&amp;apos;, ip: &amp;apos;192.168.0.201&amp;apos;, os.name: &amp;apos;Windows 10&amp;apos;, os.arch: &amp;apos;amd64&amp;apos;, os.version: &amp;apos;10.0&amp;apos;, java.version: &amp;apos;1.8.0_151&amp;apos;
Driver info: driver.version: ChromeDriver">
      <![CDATA[org.openqa.selenium.SessionNotCreatedException: session not created exceptionfrom disconnected: received Inspector.detached event  (Session info: chrome=66.0.3359.117)  (Driver info: chromedriver=2.37.544315 (730aa6a5fdba159ac9f4c1e8cbc59bf1b5ce12b7),platform=Windows NT 10.0.16299 x86_64) (WARNING: The server did not provide any stacktrace information)Command duration or timeout: 4.95 secondsBuild info: version: '3.11.0', revision: 'e59cfb3', time: '2018-03-11T20:26:55.152Z'System info: host: 'DESKTOP-6GCA1AB', ip: '192.168.0.201', os.name: 'Windows 10', os.arch: 'amd64', os.version: '10.0', java.version: '1.8.0_151'Driver info: driver.version: ChromeDriverat org.openqa.selenium.remote.ErrorHandler.createThrowable(ErrorHandler.java:214)at org.openqa.selenium.remote.ErrorHandler.throwIfResponseFailed(ErrorHandler.java:166)at org.openqa.selenium.remote.JsonWireProtocolResponse.lambda$new$0(JsonWireProtocolResponse.java:53)at org.openqa.selenium.remote.JsonWireProtocolResponse.lambda$getResponseFunction$2(JsonWireProtocolResponse.java:91)at org.openqa.selenium.remote.ProtocolHandshake.lambda$createSession$0(ProtocolHandshake.java:123)at java.util.stream.ReferencePipeline$3$1.accept(Unknown Source)at java.util.Spliterators$ArraySpliterator.tryAdvance(Unknown Source)at java.util.stream.ReferencePipeline.forEachWithCancel(Unknown Source)at java.util.stream.AbstractPipeline.copyIntoWithCancel(Unknown Source)at java.util.stream.AbstractPipeline.copyInto(Unknown Source)at java.util.stream.AbstractPipeline.wrapAndCopyInto(Unknown Source)at java.util.stream.FindOps$FindOp.evaluateSequential(Unknown Source)at java.util.stream.AbstractPipeline.evaluate(Unknown Source)at java.util.stream.ReferencePipeline.findFirst(Unknown Source)at org.openqa.selenium.remote.ProtocolHandshake.createSession(ProtocolHandshake.java:126)at org.openqa.selenium.remote.ProtocolHandshake.createSession(ProtocolHandshake.java:73)at org.openqa.selenium.remote.HttpCommandExecutor.execute(HttpCommandExecutor.java:136)at org.openqa.selenium.remote.service.DriverCommandExecutor.execute(DriverCommandExecutor.java:83)at org.openqa.selenium.remote.RemoteWebDriver.execute(RemoteWebDriver.java:545)at org.openqa.selenium.remote.RemoteWebDriver.startSession(RemoteWebDriver.java:209)at org.openqa.selenium.remote.RemoteWebDriver.<init>(RemoteWebDriver.java:132)at org.openqa.selenium.chrome.ChromeDriver.<init>(ChromeDriver.java:181)at org.openqa.selenium.chrome.ChromeDriver.<init>(ChromeDriver.java:168)at org.openqa.selenium.chrome.ChromeDriver.<init>(ChromeDriver.java:123)at com.frameworkUtil.WebDriverUtil.<init>(WebDriverUtil.java:20)at com.ftTest.LoginFT.setup(LoginFT.java:39)... Removed 24 stack frames]]>
    </failure>
  </testcase> <!-- @BeforeSuite setup -->
  <testcase name="@BeforeSuite setup" time="0.0" classname="com.ftTest.Proposal">
    <skipped/>
  </testcase> <!-- @BeforeSuite setup -->
  <testcase name="@BeforeTest setInvocationCount" time="0.0" classname="com.ftTest.Proposal">
    <skipped/>
  </testcase> <!-- @BeforeTest setInvocationCount -->
  <testcase name="proposal" time="0.0" classname="com.ftTest.Proposal">
    <skipped/>
  </testcase> <!-- proposal -->
</testsuite> <!-- POT Proposal -->
