<?xml version="1.0" encoding="UTF-8"?>
<testsuite name="TestSuite" time="79.161" tests="5" errors="0" skipped="0" failures="0">
  <properties>
[...]
</properties>
  <testcase name="loginFT" classname="com.ftTest.LoginFT" time="6.406"/>
  <testcase name="proposal" classname="com.ftTest.Proposal" time="72.755"/>
  <testcase name="proposal" classname="com.ftTest.Proposal" time="0"/>
  <testcase name="proposal" classname="com.ftTest.Proposal" time="0"/>
  <testcase name="proposal" classname="com.ftTest.Proposal" time="0"/>
</testsuite>