<?xml version="1.0" encoding="UTF-8"?>
<!-- Generated by org.testng.reporters.JUnitXMLReporter -->
<testsuite hostname="Ashok-Work-Place" ignored="0" name="propose insurence qute test" tests="4" failures="0" timestamp="08 Apr 2018 17:19:38 GMT" time="72.756" errors="0">
  <testcase name="proposal" time="72.754" classname="com.ftTest.Proposal"/>
  <testcase name="proposal" time="0.0" classname="com.ftTest.Proposal"/>
  <testcase name="proposal" time="0.001" classname="com.ftTest.Proposal"/>
  <testcase name="proposal" time="0.0" classname="com.ftTest.Proposal"/>
</testsuite> <!-- propose insurence qute test -->
