<?xml version="1.0" encoding="UTF-8"?>
<testng-results skipped="0" failed="4" ignored="0" total="5" passed="1">
  <reporter-output>
    <line>
      <![CDATA[<table style="width: 100%" border="0"><tr><td>Scenario</td><td>Login</td><td>Pass</td><td align="right"><a href="D:\com.ft\screenShots\1524653849192.png" target="_blank"><img src="D:\com.ft\screenShots\1524653849192.png"style="width: 100px; height: 100px;" ></img></a></td></tr></table>]]>
    </line>
    <line>
      <![CDATA[<table style="width: 100%" border="0"><tr><td>Scenario</td><td>Product</td><td>Pass</td><td align="right"><a href="D:\com.ft\screenShots\1524653853531.png" target="_blank"><img src="D:\com.ft\screenShots\1524653853531.png"style="width: 100px; height: 100px;" ></img></a></td></tr></table>]]>
    </line>
    <line>
      <![CDATA[<table style="width: 100%" border="0"><tr><td>Scenario</td><td>Types of Product</td><td>Pass</td><td align="right"><a href="D:\com.ft\screenShots\1524653854466.png" target="_blank"><img src="D:\com.ft\screenShots\1524653854466.png"style="width: 100px; height: 100px;" ></img></a></td></tr></table>]]>
    </line>
    <line>
      <![CDATA[<table style="width: 100%" border="0"><tr><td>Scenario</td><td>Proposal Information</td><td>Pass</td><td align="right"><a href="D:\com.ft\screenShots\1524653868665.png" target="_blank"><img src="D:\com.ft\screenShots\1524653868665.png"style="width: 100px; height: 100px;" ></img></a></td></tr></table>]]>
    </line>
    <line>
      <![CDATA[<table style="width: 100%" border="0"><tr><td>Scenario</td><td>Addon</td><td>Pass</td><td align="right"><a href="D:\com.ft\screenShots\1524653905506.png" target="_blank"><img src="D:\com.ft\screenShots\1524653905506.png"style="width: 100px; height: 100px;" ></img></a></td></tr></table>]]>
    </line>
    <line>
      <![CDATA[<table style="width: 100%" border="0"><tr><td>Scenario</td><td>Premium Breakup</td><td>Pass</td><td align="right"><a href="D:\com.ft\screenShots\1524653939281.png" target="_blank"><img src="D:\com.ft\screenShots\1524653939281.png"style="width: 100px; height: 100px;" ></img></a></td></tr></table>]]>
    </line>
    <line>
      <![CDATA[<table style="width: 100%" border="0"><tr><td>Scenario</td><td>Premium Amount</td><td>Pass</td><td align="right"><a href="D:\com.ft\screenShots\1524653939730.png" target="_blank"><img src="D:\com.ft\screenShots\1524653939730.png"style="width: 100px; height: 100px;" ></img></a></td></tr></table>]]>
    </line>
    <line>
      <![CDATA[<table style="width: 100%" border="0"><tr><td>Scenario</td><td>Was any Previous Addon</td><td>Fail</td><td align="right"><a href="D:\com.ft\screenShots\1524653940531.png" target="_blank"><img src="D:\com.ft\screenShots\1524653940531.png"style="width: 100px; height: 100px;" ></img></a></td></tr></table>]]>
    </line>
    <line>
      <![CDATA[<table style="width: 100%" border="0"><tr><td>Scenario</td><td>Proposal</td><td>Pass</td><td align="right"><a href="D:\com.ft\screenShots\1524653979310.png" target="_blank"><img src="D:\com.ft\screenShots\1524653979310.png"style="width: 100px; height: 100px;" ></img></a></td></tr></table>]]>
    </line>
    <line>
      <![CDATA[<table style="width: 100%" border="0"><tr><td>Scenario</td><td>Vehicle</td><td>Pass</td><td align="right"><a href="D:\com.ft\screenShots\1524653986281.png" target="_blank"><img src="D:\com.ft\screenShots\1524653986281.png"style="width: 100px; height: 100px;" ></img></a></td></tr></table>]]>
    </line>
    <line>
      <![CDATA[<table style="width: 100%" border="0"><tr><td>Scenario</td><td>Nominee</td><td>Pass</td><td align="right"><a href="D:\com.ft\screenShots\1524653993057.png" target="_blank"><img src="D:\com.ft\screenShots\1524653993057.png"style="width: 100px; height: 100px;" ></img></a></td></tr></table>]]>
    </line>
    <line>
      <![CDATA[<table style="width: 100%" border="0"><tr><td>Scenario</td><td>Inspection</td><td>Pass</td><td align="right"><a href="D:\com.ft\screenShots\1524654013448.png" target="_blank"><img src="D:\com.ft\screenShots\1524654013448.png"style="width: 100px; height: 100px;" ></img></a></td></tr></table>]]>
    </line>
    <line>
      <![CDATA[<table style="width: 100%" border="0"><tr><td>Scenario</td><td>Payment</td><td>Pass</td><td align="right"><a href="D:\com.ft\screenShots\1524654047414.png" target="_blank"><img src="D:\com.ft\screenShots\1524654047414.png"style="width: 100px; height: 100px;" ></img></a></td></tr></table>]]>
    </line>
    <line>
      <![CDATA[<table style="width: 100%" border="0"><tr><td>Scenario</td><td>Quote</td><td>Pass</td><td align="right"><a href="D:\com.ft\screenShots\1524654089232.png" target="_blank"><img src="D:\com.ft\screenShots\1524654089232.png"style="width: 100px; height: 100px;" ></img></a></td></tr></table>]]>
    </line>
    <line>
      <![CDATA[<table style="width: 100%" border="0"><tr><td>Scenario</td><td>Home</td><td>Pass</td><td align="right"><a href="D:\com.ft\screenShots\1524654089557.png" target="_blank"><img src="D:\com.ft\screenShots\1524654089557.png"style="width: 100px; height: 100px;" ></img></a></td></tr></table>]]>
    </line>
    <line>
      <![CDATA[<table style="width: 100%" border="0"><tr><td>Scenario</td><td>Product</td><td>Pass</td><td align="right"><a href="D:\com.ft\screenShots\1524654093104.png" target="_blank"><img src="D:\com.ft\screenShots\1524654093104.png"style="width: 100px; height: 100px;" ></img></a></td></tr></table>]]>
    </line>
    <line>
      <![CDATA[<table style="width: 100%" border="0"><tr><td>Scenario</td><td>Types of Product</td><td>Pass</td><td align="right"><a href="D:\com.ft\screenShots\1524654094003.png" target="_blank"><img src="D:\com.ft\screenShots\1524654094003.png"style="width: 100px; height: 100px;" ></img></a></td></tr></table>]]>
    </line>
    <line>
      <![CDATA[<table style="width: 100%" border="0"><tr><td>Scenario</td><td>Proposal Information</td><td>Pass</td><td align="right"><a href="D:\com.ft\screenShots\1524654107645.png" target="_blank"><img src="D:\com.ft\screenShots\1524654107645.png"style="width: 100px; height: 100px;" ></img></a></td></tr></table>]]>
    </line>
    <line>
      <![CDATA[<table style="width: 100%" border="0"><tr><td>Scenario</td><td>Addon</td><td>Pass</td><td align="right"><a href="D:\com.ft\screenShots\1524654143026.png" target="_blank"><img src="D:\com.ft\screenShots\1524654143026.png"style="width: 100px; height: 100px;" ></img></a></td></tr></table>]]>
    </line>
    <line>
      <![CDATA[<table style="width: 100%" border="0"><tr><td>Scenario</td><td>Premium Breakup</td><td>Pass</td><td align="right"><a href="D:\com.ft\screenShots\1524654176575.png" target="_blank"><img src="D:\com.ft\screenShots\1524654176575.png"style="width: 100px; height: 100px;" ></img></a></td></tr></table>]]>
    </line>
    <line>
      <![CDATA[<table style="width: 100%" border="0"><tr><td>Scenario</td><td>Premium Amount</td><td>Pass</td><td align="right"><a href="D:\com.ft\screenShots\1524654176984.png" target="_blank"><img src="D:\com.ft\screenShots\1524654176984.png"style="width: 100px; height: 100px;" ></img></a></td></tr></table>]]>
    </line>
    <line>
      <![CDATA[<table style="width: 100%" border="0"><tr><td>Scenario</td><td>Was any Previous Addon</td><td>Fail</td><td align="right"><a href="D:\com.ft\screenShots\1524654177346.png" target="_blank"><img src="D:\com.ft\screenShots\1524654177346.png"style="width: 100px; height: 100px;" ></img></a></td></tr></table>]]>
    </line>
    <line>
      <![CDATA[<table style="width: 100%" border="0"><tr><td>Scenario</td><td>Proposal</td><td>Pass</td><td align="right"><a href="D:\com.ft\screenShots\1524654216073.png" target="_blank"><img src="D:\com.ft\screenShots\1524654216073.png"style="width: 100px; height: 100px;" ></img></a></td></tr></table>]]>
    </line>
    <line>
      <![CDATA[<table style="width: 100%" border="0"><tr><td>Scenario</td><td>Vehicle</td><td>Pass</td><td align="right"><a href="D:\com.ft\screenShots\1524654222993.png" target="_blank"><img src="D:\com.ft\screenShots\1524654222993.png"style="width: 100px; height: 100px;" ></img></a></td></tr></table>]]>
    </line>
    <line>
      <![CDATA[<table style="width: 100%" border="0"><tr><td>Scenario</td><td>Nominee</td><td>Pass</td><td align="right"><a href="D:\com.ft\screenShots\1524654229924.png" target="_blank"><img src="D:\com.ft\screenShots\1524654229924.png"style="width: 100px; height: 100px;" ></img></a></td></tr></table>]]>
    </line>
    <line>
      <![CDATA[<table style="width: 100%" border="0"><tr><td>Scenario</td><td>Inspection</td><td>Pass</td><td align="right"><a href="D:\com.ft\screenShots\1524654250302.png" target="_blank"><img src="D:\com.ft\screenShots\1524654250302.png"style="width: 100px; height: 100px;" ></img></a></td></tr></table>]]>
    </line>
    <line>
      <![CDATA[<table style="width: 100%" border="0"><tr><td>Scenario</td><td>Payment</td><td>Pass</td><td align="right"><a href="D:\com.ft\screenShots\1524654282336.png" target="_blank"><img src="D:\com.ft\screenShots\1524654282336.png"style="width: 100px; height: 100px;" ></img></a></td></tr></table>]]>
    </line>
    <line>
      <![CDATA[<table style="width: 100%" border="0"><tr><td>Scenario</td><td>Quote</td><td>Pass</td><td align="right"><a href="D:\com.ft\screenShots\1524654307195.png" target="_blank"><img src="D:\com.ft\screenShots\1524654307195.png"style="width: 100px; height: 100px;" ></img></a></td></tr></table>]]>
    </line>
    <line>
      <![CDATA[<table style="width: 100%" border="0"><tr><td>Scenario</td><td>Home</td><td>Pass</td><td align="right"><a href="D:\com.ft\screenShots\1524654307550.png" target="_blank"><img src="D:\com.ft\screenShots\1524654307550.png"style="width: 100px; height: 100px;" ></img></a></td></tr></table>]]>
    </line>
    <line>
      <![CDATA[<table style="width: 100%" border="0"><tr><td>Scenario</td><td>Product</td><td>Pass</td><td align="right"><a href="D:\com.ft\screenShots\1524654311070.png" target="_blank"><img src="D:\com.ft\screenShots\1524654311070.png"style="width: 100px; height: 100px;" ></img></a></td></tr></table>]]>
    </line>
    <line>
      <![CDATA[<table style="width: 100%" border="0"><tr><td>Scenario</td><td>Types of Product</td><td>Pass</td><td align="right"><a href="D:\com.ft\screenShots\1524654311981.png" target="_blank"><img src="D:\com.ft\screenShots\1524654311981.png"style="width: 100px; height: 100px;" ></img></a></td></tr></table>]]>
    </line>
    <line>
      <![CDATA[<table style="width: 100%" border="0"><tr><td>Scenario</td><td>Proposal Information</td><td>Fail</td><td align="right"><a href="D:\com.ft\screenShots\1524654325444.png" target="_blank"><img src="D:\com.ft\screenShots\1524654325444.png"style="width: 100px; height: 100px;" ></img></a></td></tr></table>]]>
    </line>
    <line>
      <![CDATA[<table style="width: 100%" border="0"><tr><td>Scenario</td><td>Product</td><td>Fail</td><td align="right"><a href="D:\com.ft\screenShots\1524654358788.png" target="_blank"><img src="D:\com.ft\screenShots\1524654358788.png"style="width: 100px; height: 100px;" ></img></a></td></tr></table>]]>
    </line>
    <line>
      <![CDATA[<table style="width: 100%" border="0"><tr><td>Scenario</td><td>Types of Product</td><td>Fail</td><td align="right"><a href="D:\com.ft\screenShots\1524654359613.png" target="_blank"><img src="D:\com.ft\screenShots\1524654359613.png"style="width: 100px; height: 100px;" ></img></a></td></tr></table>]]>
    </line>
    <line>
      <![CDATA[<table style="width: 100%" border="0"><tr><td>Scenario</td><td>Product</td><td>Fail</td><td align="right"><a href="D:\com.ft\screenShots\1524654362934.png" target="_blank"><img src="D:\com.ft\screenShots\1524654362934.png"style="width: 100px; height: 100px;" ></img></a></td></tr></table>]]>
    </line>
    <line>
      <![CDATA[<table style="width: 100%" border="0"><tr><td>Scenario</td><td>Types of Product</td><td>Fail</td><td align="right"><a href="D:\com.ft\screenShots\1524654363736.png" target="_blank"><img src="D:\com.ft\screenShots\1524654363736.png"style="width: 100px; height: 100px;" ></img></a></td></tr></table>]]>
    </line>
    <line>
      <![CDATA[<table style="width: 100%" border="0"><tr><td>Scenario</td><td>Product</td><td>Fail</td><td align="right"><a href="D:\com.ft\screenShots\1524654367061.png" target="_blank"><img src="D:\com.ft\screenShots\1524654367061.png"style="width: 100px; height: 100px;" ></img></a></td></tr></table>]]>
    </line>
    <line>
      <![CDATA[<table style="width: 100%" border="0"><tr><td>Scenario</td><td>Types of Product</td><td>Fail</td><td align="right"><a href="D:\com.ft\screenShots\1524654367887.png" target="_blank"><img src="D:\com.ft\screenShots\1524654367887.png"style="width: 100px; height: 100px;" ></img></a></td></tr></table>]]>
    </line>
  </reporter-output>
  <suite name="POT Suite" duration-ms="527331" started-at="2018-04-25T10:57:20Z" finished-at="2018-04-25T11:06:08Z">
    <groups>
    </groups>
    <test name="POT Login" duration-ms="9030" started-at="2018-04-25T10:57:20Z" finished-at="2018-04-25T10:57:29Z">
      <class name="com.ftTest.LoginFT">
        <test-method status="PASS" signature="setInvocationCount(org.testng.ITestContext)[pri:0, instance:com.ftTest.LoginFT@5702b3b1]" name="setInvocationCount" is-config="true" duration-ms="30" started-at="2018-04-25T16:27:20Z" finished-at="2018-04-25T16:27:20Z">
          <params>
            <param index="0">
              <value>
                <![CDATA[org.testng.TestRunner@1de5f0ef]]>
              </value>
            </param>
          </params>
          <reporter-output>
          </reporter-output>
        </test-method> <!-- setInvocationCount -->
        <test-method status="PASS" signature="loginFT()[pri:0, instance:com.ftTest.LoginFT@5702b3b1]" name="loginFT" duration-ms="8915" started-at="2018-04-25T16:27:20Z" finished-at="2018-04-25T16:27:29Z">
          <reporter-output>
            <line>
              <![CDATA[<table style="width: 100%" border="0"><tr><td>Scenario</td><td>Login</td><td>Pass</td><td align="right"><a href="D:\com.ft\screenShots\1524653849192.png" target="_blank"><img src="D:\com.ft\screenShots\1524653849192.png"style="width: 100px; height: 100px;" ></img></a></td></tr></table>]]>
            </line>
          </reporter-output>
        </test-method> <!-- loginFT -->
      </class> <!-- com.ftTest.LoginFT -->
    </test> <!-- POT Login -->
    <test name="POT Proposal" duration-ms="517920" started-at="2018-04-25T10:57:30Z" finished-at="2018-04-25T11:06:08Z">
      <class name="com.ftTest.LoginFT">
        <test-method status="PASS" signature="setup()[pri:0, instance:com.ftTest.LoginFT@5702b3b1]" name="setup" is-config="true" duration-ms="14618" started-at="2018-04-25T16:27:05Z" finished-at="2018-04-25T16:27:20Z">
          <reporter-output>
          </reporter-output>
        </test-method> <!-- setup -->
        <test-method status="PASS" signature="setup()[pri:0, instance:com.ftTest.Proposal@71423665]" name="setup" is-config="true" duration-ms="236" started-at="2018-04-25T16:27:20Z" finished-at="2018-04-25T16:27:20Z">
          <reporter-output>
          </reporter-output>
        </test-method> <!-- setup -->
      </class> <!-- com.ftTest.LoginFT -->
      <class name="com.ftTest.Proposal">
        <test-method status="PASS" signature="setInvocationCount(org.testng.ITestContext)[pri:0, instance:com.ftTest.Proposal@71423665]" name="setInvocationCount" is-config="true" duration-ms="0" started-at="2018-04-25T16:27:30Z" finished-at="2018-04-25T16:27:30Z">
          <params>
            <param index="0">
              <value>
                <![CDATA[org.testng.TestRunner@376a312c]]>
              </value>
            </param>
          </params>
          <reporter-output>
          </reporter-output>
        </test-method> <!-- setInvocationCount -->
        <test-method status="FAIL" signature="proposal()[pri:0, instance:com.ftTest.Proposal@71423665]" name="proposal" duration-ms="505470" started-at="2018-04-25T16:27:30Z" finished-at="2018-04-25T16:35:55Z">
          <exception class="org.openqa.selenium.NoSuchElementException">
            <message>
              <![CDATA[no such element: Unable to locate element: {"method":"xpath","selector":"//body/div/div[2]/div/div/div/div/div/form/div[6]/div/div/div[2]/div/div[13]/div/span[2]"}  (Session info: chrome=66.0.3359.117)  (Driver info: chromedriver=2.37.544315 (730aa6a5fdba159ac9f4c1e8cbc59bf1b5ce12b7),platform=Windows NT 10.0.16299 x86_64) (WARNING: The server did not provide any stacktrace information)Command duration or timeout: 0 millisecondsFor documentation on this error, please visit: http://seleniumhq.org/exceptions/no_such_element.htmlBuild info: version: '3.11.0', revision: 'e59cfb3', time: '2018-03-11T20:26:55.152Z'System info: host: 'DESKTOP-6GCA1AB', ip: '192.168.0.201', os.name: 'Windows 10', os.arch: 'amd64', os.version: '10.0', java.version: '1.8.0_151'Driver info: org.openqa.selenium.chrome.ChromeDriverCapabilities {acceptInsecureCerts: false, acceptSslCerts: false, applicationCacheEnabled: false, browserConnectionEnabled: false, browserName: chrome, chrome: {chromedriverVersion: 2.37.544315 (730aa6a5fdba15..., userDataDir: C:\Users\KIRANK~1\AppData\L...}, cssSelectorsEnabled: true, databaseEnabled: false, handlesAlerts: true, hasTouchScreen: false, javascriptEnabled: true, locationContextEnabled: true, mobileEmulationEnabled: false, nativeEvents: true, networkConnectionEnabled: false, pageLoadStrategy: normal, platform: XP, platformName: XP, rotatable: false, setWindowRect: true, takesHeapSnapshot: true, takesScreenshot: true, unexpectedAlertBehaviour: , unhandledPromptBehavior: , version: 66.0.3359.117, webStorageEnabled: true}Session ID: 9964a14a5e547648d6a0d1841b502250*** Element info: {Using=xpath, value=//body/div/div[2]/div/div/div/div/div/form/div[6]/div/div/div[2]/div/div[13]/div/span[2]}]]>
            </message>
            <full-stacktrace>
              <![CDATA[org.openqa.selenium.NoSuchElementException: no such element: Unable to locate element: {"method":"xpath","selector":"//body/div/div[2]/div/div/div/div/div/form/div[6]/div/div/div[2]/div/div[13]/div/span[2]"}  (Session info: chrome=66.0.3359.117)  (Driver info: chromedriver=2.37.544315 (730aa6a5fdba159ac9f4c1e8cbc59bf1b5ce12b7),platform=Windows NT 10.0.16299 x86_64) (WARNING: The server did not provide any stacktrace information)Command duration or timeout: 0 millisecondsFor documentation on this error, please visit: http://seleniumhq.org/exceptions/no_such_element.htmlBuild info: version: '3.11.0', revision: 'e59cfb3', time: '2018-03-11T20:26:55.152Z'System info: host: 'DESKTOP-6GCA1AB', ip: '192.168.0.201', os.name: 'Windows 10', os.arch: 'amd64', os.version: '10.0', java.version: '1.8.0_151'Driver info: org.openqa.selenium.chrome.ChromeDriverCapabilities {acceptInsecureCerts: false, acceptSslCerts: false, applicationCacheEnabled: false, browserConnectionEnabled: false, browserName: chrome, chrome: {chromedriverVersion: 2.37.544315 (730aa6a5fdba15..., userDataDir: C:\Users\KIRANK~1\AppData\L...}, cssSelectorsEnabled: true, databaseEnabled: false, handlesAlerts: true, hasTouchScreen: false, javascriptEnabled: true, locationContextEnabled: true, mobileEmulationEnabled: false, nativeEvents: true, networkConnectionEnabled: false, pageLoadStrategy: normal, platform: XP, platformName: XP, rotatable: false, setWindowRect: true, takesHeapSnapshot: true, takesScreenshot: true, unexpectedAlertBehaviour: , unhandledPromptBehavior: , version: 66.0.3359.117, webStorageEnabled: true}Session ID: 9964a14a5e547648d6a0d1841b502250*** Element info: {Using=xpath, value=//body/div/div[2]/div/div/div/div/div/form/div[6]/div/div/div[2]/div/div[13]/div/span[2]}at sun.reflect.NativeConstructorAccessorImpl.newInstance0(Native Method)at sun.reflect.NativeConstructorAccessorImpl.newInstance(Unknown Source)at sun.reflect.DelegatingConstructorAccessorImpl.newInstance(Unknown Source)at java.lang.reflect.Constructor.newInstance(Unknown Source)at org.openqa.selenium.remote.ErrorHandler.createThrowable(ErrorHandler.java:214)at org.openqa.selenium.remote.ErrorHandler.throwIfResponseFailed(ErrorHandler.java:166)at org.openqa.selenium.remote.http.JsonHttpResponseCodec.reconstructValue(JsonHttpResponseCodec.java:40)at org.openqa.selenium.remote.http.AbstractHttpResponseCodec.decode(AbstractHttpResponseCodec.java:80)at org.openqa.selenium.remote.http.AbstractHttpResponseCodec.decode(AbstractHttpResponseCodec.java:44)at org.openqa.selenium.remote.HttpCommandExecutor.execute(HttpCommandExecutor.java:158)at org.openqa.selenium.remote.service.DriverCommandExecutor.execute(DriverCommandExecutor.java:83)at org.openqa.selenium.remote.RemoteWebDriver.execute(RemoteWebDriver.java:545)at org.openqa.selenium.remote.RemoteWebDriver.findElement(RemoteWebDriver.java:319)at org.openqa.selenium.remote.RemoteWebDriver.findElementByXPath(RemoteWebDriver.java:421)at org.openqa.selenium.By$ByXPath.findElement(By.java:361)at org.openqa.selenium.remote.RemoteWebDriver.findElement(RemoteWebDriver.java:311)at com.ftTest.Proposal.proposal(Proposal.java:346)at sun.reflect.NativeMethodAccessorImpl.invoke0(Native Method)at sun.reflect.NativeMethodAccessorImpl.invoke(Unknown Source)at sun.reflect.DelegatingMethodAccessorImpl.invoke(Unknown Source)at java.lang.reflect.Method.invoke(Unknown Source)at org.testng.internal.MethodInvocationHelper.invokeMethod(MethodInvocationHelper.java:124)at org.testng.internal.Invoker.invokeMethod(Invoker.java:571)at org.testng.internal.Invoker.invokeTestMethod(Invoker.java:707)at org.testng.internal.Invoker.invokeTestMethods(Invoker.java:979)at org.testng.internal.TestMethodWorker.invokeTestMethods(TestMethodWorker.java:125)at org.testng.internal.TestMethodWorker.run(TestMethodWorker.java:109)at org.testng.TestRunner.privateRun(TestRunner.java:648)at org.testng.TestRunner.run(TestRunner.java:505)at org.testng.SuiteRunner.runTest(SuiteRunner.java:455)at org.testng.SuiteRunner.runSequentially(SuiteRunner.java:450)at org.testng.SuiteRunner.privateRun(SuiteRunner.java:415)at org.testng.SuiteRunner.run(SuiteRunner.java:364)at org.testng.SuiteRunnerWorker.runSuite(SuiteRunnerWorker.java:52)at org.testng.SuiteRunnerWorker.run(SuiteRunnerWorker.java:84)at org.testng.TestNG.runSuitesSequentially(TestNG.java:1187)at org.testng.TestNG.runSuitesLocally(TestNG.java:1116)at org.testng.TestNG.runSuites(TestNG.java:1028)at org.testng.TestNG.run(TestNG.java:996)at org.testng.remote.AbstractRemoteTestNG.run(AbstractRemoteTestNG.java:114)at org.testng.remote.RemoteTestNG.initAndRun(RemoteTestNG.java:251)at org.testng.remote.RemoteTestNG.main(RemoteTestNG.java:77)]]>
            </full-stacktrace>
          </exception> <!-- org.openqa.selenium.NoSuchElementException -->
          <reporter-output>
            <line>
              <![CDATA[<table style="width: 100%" border="0"><tr><td>Scenario</td><td>Product</td><td>Pass</td><td align="right"><a href="D:\com.ft\screenShots\1524653853531.png" target="_blank"><img src="D:\com.ft\screenShots\1524653853531.png"style="width: 100px; height: 100px;" ></img></a></td></tr></table>]]>
            </line>
            <line>
              <![CDATA[<table style="width: 100%" border="0"><tr><td>Scenario</td><td>Types of Product</td><td>Pass</td><td align="right"><a href="D:\com.ft\screenShots\1524653854466.png" target="_blank"><img src="D:\com.ft\screenShots\1524653854466.png"style="width: 100px; height: 100px;" ></img></a></td></tr></table>]]>
            </line>
            <line>
              <![CDATA[<table style="width: 100%" border="0"><tr><td>Scenario</td><td>Proposal Information</td><td>Pass</td><td align="right"><a href="D:\com.ft\screenShots\1524653868665.png" target="_blank"><img src="D:\com.ft\screenShots\1524653868665.png"style="width: 100px; height: 100px;" ></img></a></td></tr></table>]]>
            </line>
            <line>
              <![CDATA[<table style="width: 100%" border="0"><tr><td>Scenario</td><td>Addon</td><td>Pass</td><td align="right"><a href="D:\com.ft\screenShots\1524653905506.png" target="_blank"><img src="D:\com.ft\screenShots\1524653905506.png"style="width: 100px; height: 100px;" ></img></a></td></tr></table>]]>
            </line>
            <line>
              <![CDATA[<table style="width: 100%" border="0"><tr><td>Scenario</td><td>Premium Breakup</td><td>Pass</td><td align="right"><a href="D:\com.ft\screenShots\1524653939281.png" target="_blank"><img src="D:\com.ft\screenShots\1524653939281.png"style="width: 100px; height: 100px;" ></img></a></td></tr></table>]]>
            </line>
            <line>
              <![CDATA[<table style="width: 100%" border="0"><tr><td>Scenario</td><td>Premium Amount</td><td>Pass</td><td align="right"><a href="D:\com.ft\screenShots\1524653939730.png" target="_blank"><img src="D:\com.ft\screenShots\1524653939730.png"style="width: 100px; height: 100px;" ></img></a></td></tr></table>]]>
            </line>
            <line>
              <![CDATA[<table style="width: 100%" border="0"><tr><td>Scenario</td><td>Was any Previous Addon</td><td>Fail</td><td align="right"><a href="D:\com.ft\screenShots\1524653940531.png" target="_blank"><img src="D:\com.ft\screenShots\1524653940531.png"style="width: 100px; height: 100px;" ></img></a></td></tr></table>]]>
            </line>
            <line>
              <![CDATA[<table style="width: 100%" border="0"><tr><td>Scenario</td><td>Proposal</td><td>Pass</td><td align="right"><a href="D:\com.ft\screenShots\1524653979310.png" target="_blank"><img src="D:\com.ft\screenShots\1524653979310.png"style="width: 100px; height: 100px;" ></img></a></td></tr></table>]]>
            </line>
            <line>
              <![CDATA[<table style="width: 100%" border="0"><tr><td>Scenario</td><td>Vehicle</td><td>Pass</td><td align="right"><a href="D:\com.ft\screenShots\1524653986281.png" target="_blank"><img src="D:\com.ft\screenShots\1524653986281.png"style="width: 100px; height: 100px;" ></img></a></td></tr></table>]]>
            </line>
            <line>
              <![CDATA[<table style="width: 100%" border="0"><tr><td>Scenario</td><td>Nominee</td><td>Pass</td><td align="right"><a href="D:\com.ft\screenShots\1524653993057.png" target="_blank"><img src="D:\com.ft\screenShots\1524653993057.png"style="width: 100px; height: 100px;" ></img></a></td></tr></table>]]>
            </line>
            <line>
              <![CDATA[<table style="width: 100%" border="0"><tr><td>Scenario</td><td>Inspection</td><td>Pass</td><td align="right"><a href="D:\com.ft\screenShots\1524654013448.png" target="_blank"><img src="D:\com.ft\screenShots\1524654013448.png"style="width: 100px; height: 100px;" ></img></a></td></tr></table>]]>
            </line>
            <line>
              <![CDATA[<table style="width: 100%" border="0"><tr><td>Scenario</td><td>Payment</td><td>Pass</td><td align="right"><a href="D:\com.ft\screenShots\1524654047414.png" target="_blank"><img src="D:\com.ft\screenShots\1524654047414.png"style="width: 100px; height: 100px;" ></img></a></td></tr></table>]]>
            </line>
            <line>
              <![CDATA[<table style="width: 100%" border="0"><tr><td>Scenario</td><td>Quote</td><td>Pass</td><td align="right"><a href="D:\com.ft\screenShots\1524654089232.png" target="_blank"><img src="D:\com.ft\screenShots\1524654089232.png"style="width: 100px; height: 100px;" ></img></a></td></tr></table>]]>
            </line>
            <line>
              <![CDATA[<table style="width: 100%" border="0"><tr><td>Scenario</td><td>Home</td><td>Pass</td><td align="right"><a href="D:\com.ft\screenShots\1524654089557.png" target="_blank"><img src="D:\com.ft\screenShots\1524654089557.png"style="width: 100px; height: 100px;" ></img></a></td></tr></table>]]>
            </line>
            <line>
              <![CDATA[<table style="width: 100%" border="0"><tr><td>Scenario</td><td>Product</td><td>Pass</td><td align="right"><a href="D:\com.ft\screenShots\1524654093104.png" target="_blank"><img src="D:\com.ft\screenShots\1524654093104.png"style="width: 100px; height: 100px;" ></img></a></td></tr></table>]]>
            </line>
            <line>
              <![CDATA[<table style="width: 100%" border="0"><tr><td>Scenario</td><td>Types of Product</td><td>Pass</td><td align="right"><a href="D:\com.ft\screenShots\1524654094003.png" target="_blank"><img src="D:\com.ft\screenShots\1524654094003.png"style="width: 100px; height: 100px;" ></img></a></td></tr></table>]]>
            </line>
            <line>
              <![CDATA[<table style="width: 100%" border="0"><tr><td>Scenario</td><td>Proposal Information</td><td>Pass</td><td align="right"><a href="D:\com.ft\screenShots\1524654107645.png" target="_blank"><img src="D:\com.ft\screenShots\1524654107645.png"style="width: 100px; height: 100px;" ></img></a></td></tr></table>]]>
            </line>
            <line>
              <![CDATA[<table style="width: 100%" border="0"><tr><td>Scenario</td><td>Addon</td><td>Pass</td><td align="right"><a href="D:\com.ft\screenShots\1524654143026.png" target="_blank"><img src="D:\com.ft\screenShots\1524654143026.png"style="width: 100px; height: 100px;" ></img></a></td></tr></table>]]>
            </line>
            <line>
              <![CDATA[<table style="width: 100%" border="0"><tr><td>Scenario</td><td>Premium Breakup</td><td>Pass</td><td align="right"><a href="D:\com.ft\screenShots\1524654176575.png" target="_blank"><img src="D:\com.ft\screenShots\1524654176575.png"style="width: 100px; height: 100px;" ></img></a></td></tr></table>]]>
            </line>
            <line>
              <![CDATA[<table style="width: 100%" border="0"><tr><td>Scenario</td><td>Premium Amount</td><td>Pass</td><td align="right"><a href="D:\com.ft\screenShots\1524654176984.png" target="_blank"><img src="D:\com.ft\screenShots\1524654176984.png"style="width: 100px; height: 100px;" ></img></a></td></tr></table>]]>
            </line>
            <line>
              <![CDATA[<table style="width: 100%" border="0"><tr><td>Scenario</td><td>Was any Previous Addon</td><td>Fail</td><td align="right"><a href="D:\com.ft\screenShots\1524654177346.png" target="_blank"><img src="D:\com.ft\screenShots\1524654177346.png"style="width: 100px; height: 100px;" ></img></a></td></tr></table>]]>
            </line>
            <line>
              <![CDATA[<table style="width: 100%" border="0"><tr><td>Scenario</td><td>Proposal</td><td>Pass</td><td align="right"><a href="D:\com.ft\screenShots\1524654216073.png" target="_blank"><img src="D:\com.ft\screenShots\1524654216073.png"style="width: 100px; height: 100px;" ></img></a></td></tr></table>]]>
            </line>
            <line>
              <![CDATA[<table style="width: 100%" border="0"><tr><td>Scenario</td><td>Vehicle</td><td>Pass</td><td align="right"><a href="D:\com.ft\screenShots\1524654222993.png" target="_blank"><img src="D:\com.ft\screenShots\1524654222993.png"style="width: 100px; height: 100px;" ></img></a></td></tr></table>]]>
            </line>
            <line>
              <![CDATA[<table style="width: 100%" border="0"><tr><td>Scenario</td><td>Nominee</td><td>Pass</td><td align="right"><a href="D:\com.ft\screenShots\1524654229924.png" target="_blank"><img src="D:\com.ft\screenShots\1524654229924.png"style="width: 100px; height: 100px;" ></img></a></td></tr></table>]]>
            </line>
            <line>
              <![CDATA[<table style="width: 100%" border="0"><tr><td>Scenario</td><td>Inspection</td><td>Pass</td><td align="right"><a href="D:\com.ft\screenShots\1524654250302.png" target="_blank"><img src="D:\com.ft\screenShots\1524654250302.png"style="width: 100px; height: 100px;" ></img></a></td></tr></table>]]>
            </line>
            <line>
              <![CDATA[<table style="width: 100%" border="0"><tr><td>Scenario</td><td>Payment</td><td>Pass</td><td align="right"><a href="D:\com.ft\screenShots\1524654282336.png" target="_blank"><img src="D:\com.ft\screenShots\1524654282336.png"style="width: 100px; height: 100px;" ></img></a></td></tr></table>]]>
            </line>
            <line>
              <![CDATA[<table style="width: 100%" border="0"><tr><td>Scenario</td><td>Quote</td><td>Pass</td><td align="right"><a href="D:\com.ft\screenShots\1524654307195.png" target="_blank"><img src="D:\com.ft\screenShots\1524654307195.png"style="width: 100px; height: 100px;" ></img></a></td></tr></table>]]>
            </line>
            <line>
              <![CDATA[<table style="width: 100%" border="0"><tr><td>Scenario</td><td>Home</td><td>Pass</td><td align="right"><a href="D:\com.ft\screenShots\1524654307550.png" target="_blank"><img src="D:\com.ft\screenShots\1524654307550.png"style="width: 100px; height: 100px;" ></img></a></td></tr></table>]]>
            </line>
            <line>
              <![CDATA[<table style="width: 100%" border="0"><tr><td>Scenario</td><td>Product</td><td>Pass</td><td align="right"><a href="D:\com.ft\screenShots\1524654311070.png" target="_blank"><img src="D:\com.ft\screenShots\1524654311070.png"style="width: 100px; height: 100px;" ></img></a></td></tr></table>]]>
            </line>
            <line>
              <![CDATA[<table style="width: 100%" border="0"><tr><td>Scenario</td><td>Types of Product</td><td>Pass</td><td align="right"><a href="D:\com.ft\screenShots\1524654311981.png" target="_blank"><img src="D:\com.ft\screenShots\1524654311981.png"style="width: 100px; height: 100px;" ></img></a></td></tr></table>]]>
            </line>
            <line>
              <![CDATA[<table style="width: 100%" border="0"><tr><td>Scenario</td><td>Proposal Information</td><td>Fail</td><td align="right"><a href="D:\com.ft\screenShots\1524654325444.png" target="_blank"><img src="D:\com.ft\screenShots\1524654325444.png"style="width: 100px; height: 100px;" ></img></a></td></tr></table>]]>
            </line>
          </reporter-output>
        </test-method> <!-- proposal -->
        <test-method status="FAIL" signature="proposal()[pri:0, instance:com.ftTest.Proposal@71423665]" name="proposal" duration-ms="4161" started-at="2018-04-25T16:35:55Z" finished-at="2018-04-25T16:35:59Z">
          <exception class="org.openqa.selenium.NoSuchElementException">
            <message>
              <![CDATA[no such element: Unable to locate element: {"method":"xpath","selector":"//body/div/div[2]/div/div/div/div/div/p/parent::*/div/div[4]/div/span/parent::*/div/parent::*/parent::*/parent::*/parent::*/div[2]/label/input[@value='NEW BUSINESS']"}  (Session info: chrome=66.0.3359.117)  (Driver info: chromedriver=2.37.544315 (730aa6a5fdba159ac9f4c1e8cbc59bf1b5ce12b7),platform=Windows NT 10.0.16299 x86_64) (WARNING: The server did not provide any stacktrace information)Command duration or timeout: 0 millisecondsFor documentation on this error, please visit: http://seleniumhq.org/exceptions/no_such_element.htmlBuild info: version: '3.11.0', revision: 'e59cfb3', time: '2018-03-11T20:26:55.152Z'System info: host: 'DESKTOP-6GCA1AB', ip: '192.168.0.201', os.name: 'Windows 10', os.arch: 'amd64', os.version: '10.0', java.version: '1.8.0_151'Driver info: org.openqa.selenium.chrome.ChromeDriverCapabilities {acceptInsecureCerts: false, acceptSslCerts: false, applicationCacheEnabled: false, browserConnectionEnabled: false, browserName: chrome, chrome: {chromedriverVersion: 2.37.544315 (730aa6a5fdba15..., userDataDir: C:\Users\KIRANK~1\AppData\L...}, cssSelectorsEnabled: true, databaseEnabled: false, handlesAlerts: true, hasTouchScreen: false, javascriptEnabled: true, locationContextEnabled: true, mobileEmulationEnabled: false, nativeEvents: true, networkConnectionEnabled: false, pageLoadStrategy: normal, platform: XP, platformName: XP, rotatable: false, setWindowRect: true, takesHeapSnapshot: true, takesScreenshot: true, unexpectedAlertBehaviour: , unhandledPromptBehavior: , version: 66.0.3359.117, webStorageEnabled: true}Session ID: 9964a14a5e547648d6a0d1841b502250*** Element info: {Using=xpath, value=//body/div/div[2]/div/div/div/div/div/p/parent::*/div/div[4]/div/span/parent::*/div/parent::*/parent::*/parent::*/parent::*/div[2]/label/input[@value='NEW BUSINESS']}]]>
            </message>
            <full-stacktrace>
              <![CDATA[org.openqa.selenium.NoSuchElementException: no such element: Unable to locate element: {"method":"xpath","selector":"//body/div/div[2]/div/div/div/div/div/p/parent::*/div/div[4]/div/span/parent::*/div/parent::*/parent::*/parent::*/parent::*/div[2]/label/input[@value='NEW BUSINESS']"}  (Session info: chrome=66.0.3359.117)  (Driver info: chromedriver=2.37.544315 (730aa6a5fdba159ac9f4c1e8cbc59bf1b5ce12b7),platform=Windows NT 10.0.16299 x86_64) (WARNING: The server did not provide any stacktrace information)Command duration or timeout: 0 millisecondsFor documentation on this error, please visit: http://seleniumhq.org/exceptions/no_such_element.htmlBuild info: version: '3.11.0', revision: 'e59cfb3', time: '2018-03-11T20:26:55.152Z'System info: host: 'DESKTOP-6GCA1AB', ip: '192.168.0.201', os.name: 'Windows 10', os.arch: 'amd64', os.version: '10.0', java.version: '1.8.0_151'Driver info: org.openqa.selenium.chrome.ChromeDriverCapabilities {acceptInsecureCerts: false, acceptSslCerts: false, applicationCacheEnabled: false, browserConnectionEnabled: false, browserName: chrome, chrome: {chromedriverVersion: 2.37.544315 (730aa6a5fdba15..., userDataDir: C:\Users\KIRANK~1\AppData\L...}, cssSelectorsEnabled: true, databaseEnabled: false, handlesAlerts: true, hasTouchScreen: false, javascriptEnabled: true, locationContextEnabled: true, mobileEmulationEnabled: false, nativeEvents: true, networkConnectionEnabled: false, pageLoadStrategy: normal, platform: XP, platformName: XP, rotatable: false, setWindowRect: true, takesHeapSnapshot: true, takesScreenshot: true, unexpectedAlertBehaviour: , unhandledPromptBehavior: , version: 66.0.3359.117, webStorageEnabled: true}Session ID: 9964a14a5e547648d6a0d1841b502250*** Element info: {Using=xpath, value=//body/div/div[2]/div/div/div/div/div/p/parent::*/div/div[4]/div/span/parent::*/div/parent::*/parent::*/parent::*/parent::*/div[2]/label/input[@value='NEW BUSINESS']}at sun.reflect.NativeConstructorAccessorImpl.newInstance0(Native Method)at sun.reflect.NativeConstructorAccessorImpl.newInstance(Unknown Source)at sun.reflect.DelegatingConstructorAccessorImpl.newInstance(Unknown Source)at java.lang.reflect.Constructor.newInstance(Unknown Source)at org.openqa.selenium.remote.ErrorHandler.createThrowable(ErrorHandler.java:214)at org.openqa.selenium.remote.ErrorHandler.throwIfResponseFailed(ErrorHandler.java:166)at org.openqa.selenium.remote.http.JsonHttpResponseCodec.reconstructValue(JsonHttpResponseCodec.java:40)at org.openqa.selenium.remote.http.AbstractHttpResponseCodec.decode(AbstractHttpResponseCodec.java:80)at org.openqa.selenium.remote.http.AbstractHttpResponseCodec.decode(AbstractHttpResponseCodec.java:44)at org.openqa.selenium.remote.HttpCommandExecutor.execute(HttpCommandExecutor.java:158)at org.openqa.selenium.remote.service.DriverCommandExecutor.execute(DriverCommandExecutor.java:83)at org.openqa.selenium.remote.RemoteWebDriver.execute(RemoteWebDriver.java:545)at org.openqa.selenium.remote.RemoteWebDriver.findElement(RemoteWebDriver.java:319)at org.openqa.selenium.remote.RemoteWebDriver.findElementByXPath(RemoteWebDriver.java:421)at org.openqa.selenium.By$ByXPath.findElement(By.java:361)at org.openqa.selenium.remote.RemoteWebDriver.findElement(RemoteWebDriver.java:311)at com.ftTest.Proposal.proposal(Proposal.java:158)at sun.reflect.NativeMethodAccessorImpl.invoke0(Native Method)at sun.reflect.NativeMethodAccessorImpl.invoke(Unknown Source)at sun.reflect.DelegatingMethodAccessorImpl.invoke(Unknown Source)at java.lang.reflect.Method.invoke(Unknown Source)at org.testng.internal.MethodInvocationHelper.invokeMethod(MethodInvocationHelper.java:124)at org.testng.internal.Invoker.invokeMethod(Invoker.java:571)at org.testng.internal.Invoker.invokeTestMethod(Invoker.java:707)at org.testng.internal.Invoker.invokeTestMethods(Invoker.java:979)at org.testng.internal.TestMethodWorker.invokeTestMethods(TestMethodWorker.java:125)at org.testng.internal.TestMethodWorker.run(TestMethodWorker.java:109)at org.testng.TestRunner.privateRun(TestRunner.java:648)at org.testng.TestRunner.run(TestRunner.java:505)at org.testng.SuiteRunner.runTest(SuiteRunner.java:455)at org.testng.SuiteRunner.runSequentially(SuiteRunner.java:450)at org.testng.SuiteRunner.privateRun(SuiteRunner.java:415)at org.testng.SuiteRunner.run(SuiteRunner.java:364)at org.testng.SuiteRunnerWorker.runSuite(SuiteRunnerWorker.java:52)at org.testng.SuiteRunnerWorker.run(SuiteRunnerWorker.java:84)at org.testng.TestNG.runSuitesSequentially(TestNG.java:1187)at org.testng.TestNG.runSuitesLocally(TestNG.java:1116)at org.testng.TestNG.runSuites(TestNG.java:1028)at org.testng.TestNG.run(TestNG.java:996)at org.testng.remote.AbstractRemoteTestNG.run(AbstractRemoteTestNG.java:114)at org.testng.remote.RemoteTestNG.initAndRun(RemoteTestNG.java:251)at org.testng.remote.RemoteTestNG.main(RemoteTestNG.java:77)]]>
            </full-stacktrace>
          </exception> <!-- org.openqa.selenium.NoSuchElementException -->
          <reporter-output>
            <line>
              <![CDATA[<table style="width: 100%" border="0"><tr><td>Scenario</td><td>Product</td><td>Fail</td><td align="right"><a href="D:\com.ft\screenShots\1524654358788.png" target="_blank"><img src="D:\com.ft\screenShots\1524654358788.png"style="width: 100px; height: 100px;" ></img></a></td></tr></table>]]>
            </line>
            <line>
              <![CDATA[<table style="width: 100%" border="0"><tr><td>Scenario</td><td>Types of Product</td><td>Fail</td><td align="right"><a href="D:\com.ft\screenShots\1524654359613.png" target="_blank"><img src="D:\com.ft\screenShots\1524654359613.png"style="width: 100px; height: 100px;" ></img></a></td></tr></table>]]>
            </line>
          </reporter-output>
        </test-method> <!-- proposal -->
        <test-method status="FAIL" signature="proposal()[pri:0, instance:com.ftTest.Proposal@71423665]" name="proposal" duration-ms="4128" started-at="2018-04-25T16:35:59Z" finished-at="2018-04-25T16:36:04Z">
          <exception class="org.openqa.selenium.NoSuchElementException">
            <message>
              <![CDATA[no such element: Unable to locate element: {"method":"xpath","selector":"//body/div/div[2]/div/div/div/div/div/p/parent::*/div/div[4]/div/span/parent::*/div/parent::*/parent::*/parent::*/parent::*/div[2]/label/input[@value='NEW BUSINESS']"}  (Session info: chrome=66.0.3359.117)  (Driver info: chromedriver=2.37.544315 (730aa6a5fdba159ac9f4c1e8cbc59bf1b5ce12b7),platform=Windows NT 10.0.16299 x86_64) (WARNING: The server did not provide any stacktrace information)Command duration or timeout: 0 millisecondsFor documentation on this error, please visit: http://seleniumhq.org/exceptions/no_such_element.htmlBuild info: version: '3.11.0', revision: 'e59cfb3', time: '2018-03-11T20:26:55.152Z'System info: host: 'DESKTOP-6GCA1AB', ip: '192.168.0.201', os.name: 'Windows 10', os.arch: 'amd64', os.version: '10.0', java.version: '1.8.0_151'Driver info: org.openqa.selenium.chrome.ChromeDriverCapabilities {acceptInsecureCerts: false, acceptSslCerts: false, applicationCacheEnabled: false, browserConnectionEnabled: false, browserName: chrome, chrome: {chromedriverVersion: 2.37.544315 (730aa6a5fdba15..., userDataDir: C:\Users\KIRANK~1\AppData\L...}, cssSelectorsEnabled: true, databaseEnabled: false, handlesAlerts: true, hasTouchScreen: false, javascriptEnabled: true, locationContextEnabled: true, mobileEmulationEnabled: false, nativeEvents: true, networkConnectionEnabled: false, pageLoadStrategy: normal, platform: XP, platformName: XP, rotatable: false, setWindowRect: true, takesHeapSnapshot: true, takesScreenshot: true, unexpectedAlertBehaviour: , unhandledPromptBehavior: , version: 66.0.3359.117, webStorageEnabled: true}Session ID: 9964a14a5e547648d6a0d1841b502250*** Element info: {Using=xpath, value=//body/div/div[2]/div/div/div/div/div/p/parent::*/div/div[4]/div/span/parent::*/div/parent::*/parent::*/parent::*/parent::*/div[2]/label/input[@value='NEW BUSINESS']}]]>
            </message>
            <full-stacktrace>
              <![CDATA[org.openqa.selenium.NoSuchElementException: no such element: Unable to locate element: {"method":"xpath","selector":"//body/div/div[2]/div/div/div/div/div/p/parent::*/div/div[4]/div/span/parent::*/div/parent::*/parent::*/parent::*/parent::*/div[2]/label/input[@value='NEW BUSINESS']"}  (Session info: chrome=66.0.3359.117)  (Driver info: chromedriver=2.37.544315 (730aa6a5fdba159ac9f4c1e8cbc59bf1b5ce12b7),platform=Windows NT 10.0.16299 x86_64) (WARNING: The server did not provide any stacktrace information)Command duration or timeout: 0 millisecondsFor documentation on this error, please visit: http://seleniumhq.org/exceptions/no_such_element.htmlBuild info: version: '3.11.0', revision: 'e59cfb3', time: '2018-03-11T20:26:55.152Z'System info: host: 'DESKTOP-6GCA1AB', ip: '192.168.0.201', os.name: 'Windows 10', os.arch: 'amd64', os.version: '10.0', java.version: '1.8.0_151'Driver info: org.openqa.selenium.chrome.ChromeDriverCapabilities {acceptInsecureCerts: false, acceptSslCerts: false, applicationCacheEnabled: false, browserConnectionEnabled: false, browserName: chrome, chrome: {chromedriverVersion: 2.37.544315 (730aa6a5fdba15..., userDataDir: C:\Users\KIRANK~1\AppData\L...}, cssSelectorsEnabled: true, databaseEnabled: false, handlesAlerts: true, hasTouchScreen: false, javascriptEnabled: true, locationContextEnabled: true, mobileEmulationEnabled: false, nativeEvents: true, networkConnectionEnabled: false, pageLoadStrategy: normal, platform: XP, platformName: XP, rotatable: false, setWindowRect: true, takesHeapSnapshot: true, takesScreenshot: true, unexpectedAlertBehaviour: , unhandledPromptBehavior: , version: 66.0.3359.117, webStorageEnabled: true}Session ID: 9964a14a5e547648d6a0d1841b502250*** Element info: {Using=xpath, value=//body/div/div[2]/div/div/div/div/div/p/parent::*/div/div[4]/div/span/parent::*/div/parent::*/parent::*/parent::*/parent::*/div[2]/label/input[@value='NEW BUSINESS']}at sun.reflect.NativeConstructorAccessorImpl.newInstance0(Native Method)at sun.reflect.NativeConstructorAccessorImpl.newInstance(Unknown Source)at sun.reflect.DelegatingConstructorAccessorImpl.newInstance(Unknown Source)at java.lang.reflect.Constructor.newInstance(Unknown Source)at org.openqa.selenium.remote.ErrorHandler.createThrowable(ErrorHandler.java:214)at org.openqa.selenium.remote.ErrorHandler.throwIfResponseFailed(ErrorHandler.java:166)at org.openqa.selenium.remote.http.JsonHttpResponseCodec.reconstructValue(JsonHttpResponseCodec.java:40)at org.openqa.selenium.remote.http.AbstractHttpResponseCodec.decode(AbstractHttpResponseCodec.java:80)at org.openqa.selenium.remote.http.AbstractHttpResponseCodec.decode(AbstractHttpResponseCodec.java:44)at org.openqa.selenium.remote.HttpCommandExecutor.execute(HttpCommandExecutor.java:158)at org.openqa.selenium.remote.service.DriverCommandExecutor.execute(DriverCommandExecutor.java:83)at org.openqa.selenium.remote.RemoteWebDriver.execute(RemoteWebDriver.java:545)at org.openqa.selenium.remote.RemoteWebDriver.findElement(RemoteWebDriver.java:319)at org.openqa.selenium.remote.RemoteWebDriver.findElementByXPath(RemoteWebDriver.java:421)at org.openqa.selenium.By$ByXPath.findElement(By.java:361)at org.openqa.selenium.remote.RemoteWebDriver.findElement(RemoteWebDriver.java:311)at com.ftTest.Proposal.proposal(Proposal.java:158)at sun.reflect.NativeMethodAccessorImpl.invoke0(Native Method)at sun.reflect.NativeMethodAccessorImpl.invoke(Unknown Source)at sun.reflect.DelegatingMethodAccessorImpl.invoke(Unknown Source)at java.lang.reflect.Method.invoke(Unknown Source)at org.testng.internal.MethodInvocationHelper.invokeMethod(MethodInvocationHelper.java:124)at org.testng.internal.Invoker.invokeMethod(Invoker.java:571)at org.testng.internal.Invoker.invokeTestMethod(Invoker.java:707)at org.testng.internal.Invoker.invokeTestMethods(Invoker.java:979)at org.testng.internal.TestMethodWorker.invokeTestMethods(TestMethodWorker.java:125)at org.testng.internal.TestMethodWorker.run(TestMethodWorker.java:109)at org.testng.TestRunner.privateRun(TestRunner.java:648)at org.testng.TestRunner.run(TestRunner.java:505)at org.testng.SuiteRunner.runTest(SuiteRunner.java:455)at org.testng.SuiteRunner.runSequentially(SuiteRunner.java:450)at org.testng.SuiteRunner.privateRun(SuiteRunner.java:415)at org.testng.SuiteRunner.run(SuiteRunner.java:364)at org.testng.SuiteRunnerWorker.runSuite(SuiteRunnerWorker.java:52)at org.testng.SuiteRunnerWorker.run(SuiteRunnerWorker.java:84)at org.testng.TestNG.runSuitesSequentially(TestNG.java:1187)at org.testng.TestNG.runSuitesLocally(TestNG.java:1116)at org.testng.TestNG.runSuites(TestNG.java:1028)at org.testng.TestNG.run(TestNG.java:996)at org.testng.remote.AbstractRemoteTestNG.run(AbstractRemoteTestNG.java:114)at org.testng.remote.RemoteTestNG.initAndRun(RemoteTestNG.java:251)at org.testng.remote.RemoteTestNG.main(RemoteTestNG.java:77)]]>
            </full-stacktrace>
          </exception> <!-- org.openqa.selenium.NoSuchElementException -->
          <reporter-output>
            <line>
              <![CDATA[<table style="width: 100%" border="0"><tr><td>Scenario</td><td>Product</td><td>Fail</td><td align="right"><a href="D:\com.ft\screenShots\1524654362934.png" target="_blank"><img src="D:\com.ft\screenShots\1524654362934.png"style="width: 100px; height: 100px;" ></img></a></td></tr></table>]]>
            </line>
            <line>
              <![CDATA[<table style="width: 100%" border="0"><tr><td>Scenario</td><td>Types of Product</td><td>Fail</td><td align="right"><a href="D:\com.ft\screenShots\1524654363736.png" target="_blank"><img src="D:\com.ft\screenShots\1524654363736.png"style="width: 100px; height: 100px;" ></img></a></td></tr></table>]]>
            </line>
          </reporter-output>
        </test-method> <!-- proposal -->
        <test-method status="FAIL" signature="proposal()[pri:0, instance:com.ftTest.Proposal@71423665]" name="proposal" duration-ms="4135" started-at="2018-04-25T16:36:04Z" finished-at="2018-04-25T16:36:08Z">
          <exception class="org.openqa.selenium.NoSuchElementException">
            <message>
              <![CDATA[no such element: Unable to locate element: {"method":"xpath","selector":"//body/div/div[2]/div/div/div/div/div/p/parent::*/div/div[4]/div/span/parent::*/div/parent::*/parent::*/parent::*/parent::*/div[2]/label/input[@value='NEW BUSINESS']"}  (Session info: chrome=66.0.3359.117)  (Driver info: chromedriver=2.37.544315 (730aa6a5fdba159ac9f4c1e8cbc59bf1b5ce12b7),platform=Windows NT 10.0.16299 x86_64) (WARNING: The server did not provide any stacktrace information)Command duration or timeout: 0 millisecondsFor documentation on this error, please visit: http://seleniumhq.org/exceptions/no_such_element.htmlBuild info: version: '3.11.0', revision: 'e59cfb3', time: '2018-03-11T20:26:55.152Z'System info: host: 'DESKTOP-6GCA1AB', ip: '192.168.0.201', os.name: 'Windows 10', os.arch: 'amd64', os.version: '10.0', java.version: '1.8.0_151'Driver info: org.openqa.selenium.chrome.ChromeDriverCapabilities {acceptInsecureCerts: false, acceptSslCerts: false, applicationCacheEnabled: false, browserConnectionEnabled: false, browserName: chrome, chrome: {chromedriverVersion: 2.37.544315 (730aa6a5fdba15..., userDataDir: C:\Users\KIRANK~1\AppData\L...}, cssSelectorsEnabled: true, databaseEnabled: false, handlesAlerts: true, hasTouchScreen: false, javascriptEnabled: true, locationContextEnabled: true, mobileEmulationEnabled: false, nativeEvents: true, networkConnectionEnabled: false, pageLoadStrategy: normal, platform: XP, platformName: XP, rotatable: false, setWindowRect: true, takesHeapSnapshot: true, takesScreenshot: true, unexpectedAlertBehaviour: , unhandledPromptBehavior: , version: 66.0.3359.117, webStorageEnabled: true}Session ID: 9964a14a5e547648d6a0d1841b502250*** Element info: {Using=xpath, value=//body/div/div[2]/div/div/div/div/div/p/parent::*/div/div[4]/div/span/parent::*/div/parent::*/parent::*/parent::*/parent::*/div[2]/label/input[@value='NEW BUSINESS']}]]>
            </message>
            <full-stacktrace>
              <![CDATA[org.openqa.selenium.NoSuchElementException: no such element: Unable to locate element: {"method":"xpath","selector":"//body/div/div[2]/div/div/div/div/div/p/parent::*/div/div[4]/div/span/parent::*/div/parent::*/parent::*/parent::*/parent::*/div[2]/label/input[@value='NEW BUSINESS']"}  (Session info: chrome=66.0.3359.117)  (Driver info: chromedriver=2.37.544315 (730aa6a5fdba159ac9f4c1e8cbc59bf1b5ce12b7),platform=Windows NT 10.0.16299 x86_64) (WARNING: The server did not provide any stacktrace information)Command duration or timeout: 0 millisecondsFor documentation on this error, please visit: http://seleniumhq.org/exceptions/no_such_element.htmlBuild info: version: '3.11.0', revision: 'e59cfb3', time: '2018-03-11T20:26:55.152Z'System info: host: 'DESKTOP-6GCA1AB', ip: '192.168.0.201', os.name: 'Windows 10', os.arch: 'amd64', os.version: '10.0', java.version: '1.8.0_151'Driver info: org.openqa.selenium.chrome.ChromeDriverCapabilities {acceptInsecureCerts: false, acceptSslCerts: false, applicationCacheEnabled: false, browserConnectionEnabled: false, browserName: chrome, chrome: {chromedriverVersion: 2.37.544315 (730aa6a5fdba15..., userDataDir: C:\Users\KIRANK~1\AppData\L...}, cssSelectorsEnabled: true, databaseEnabled: false, handlesAlerts: true, hasTouchScreen: false, javascriptEnabled: true, locationContextEnabled: true, mobileEmulationEnabled: false, nativeEvents: true, networkConnectionEnabled: false, pageLoadStrategy: normal, platform: XP, platformName: XP, rotatable: false, setWindowRect: true, takesHeapSnapshot: true, takesScreenshot: true, unexpectedAlertBehaviour: , unhandledPromptBehavior: , version: 66.0.3359.117, webStorageEnabled: true}Session ID: 9964a14a5e547648d6a0d1841b502250*** Element info: {Using=xpath, value=//body/div/div[2]/div/div/div/div/div/p/parent::*/div/div[4]/div/span/parent::*/div/parent::*/parent::*/parent::*/parent::*/div[2]/label/input[@value='NEW BUSINESS']}at sun.reflect.NativeConstructorAccessorImpl.newInstance0(Native Method)at sun.reflect.NativeConstructorAccessorImpl.newInstance(Unknown Source)at sun.reflect.DelegatingConstructorAccessorImpl.newInstance(Unknown Source)at java.lang.reflect.Constructor.newInstance(Unknown Source)at org.openqa.selenium.remote.ErrorHandler.createThrowable(ErrorHandler.java:214)at org.openqa.selenium.remote.ErrorHandler.throwIfResponseFailed(ErrorHandler.java:166)at org.openqa.selenium.remote.http.JsonHttpResponseCodec.reconstructValue(JsonHttpResponseCodec.java:40)at org.openqa.selenium.remote.http.AbstractHttpResponseCodec.decode(AbstractHttpResponseCodec.java:80)at org.openqa.selenium.remote.http.AbstractHttpResponseCodec.decode(AbstractHttpResponseCodec.java:44)at org.openqa.selenium.remote.HttpCommandExecutor.execute(HttpCommandExecutor.java:158)at org.openqa.selenium.remote.service.DriverCommandExecutor.execute(DriverCommandExecutor.java:83)at org.openqa.selenium.remote.RemoteWebDriver.execute(RemoteWebDriver.java:545)at org.openqa.selenium.remote.RemoteWebDriver.findElement(RemoteWebDriver.java:319)at org.openqa.selenium.remote.RemoteWebDriver.findElementByXPath(RemoteWebDriver.java:421)at org.openqa.selenium.By$ByXPath.findElement(By.java:361)at org.openqa.selenium.remote.RemoteWebDriver.findElement(RemoteWebDriver.java:311)at com.ftTest.Proposal.proposal(Proposal.java:158)at sun.reflect.NativeMethodAccessorImpl.invoke0(Native Method)at sun.reflect.NativeMethodAccessorImpl.invoke(Unknown Source)at sun.reflect.DelegatingMethodAccessorImpl.invoke(Unknown Source)at java.lang.reflect.Method.invoke(Unknown Source)at org.testng.internal.MethodInvocationHelper.invokeMethod(MethodInvocationHelper.java:124)at org.testng.internal.Invoker.invokeMethod(Invoker.java:571)at org.testng.internal.Invoker.invokeTestMethod(Invoker.java:707)at org.testng.internal.Invoker.invokeTestMethods(Invoker.java:979)at org.testng.internal.TestMethodWorker.invokeTestMethods(TestMethodWorker.java:125)at org.testng.internal.TestMethodWorker.run(TestMethodWorker.java:109)at org.testng.TestRunner.privateRun(TestRunner.java:648)at org.testng.TestRunner.run(TestRunner.java:505)at org.testng.SuiteRunner.runTest(SuiteRunner.java:455)at org.testng.SuiteRunner.runSequentially(SuiteRunner.java:450)at org.testng.SuiteRunner.privateRun(SuiteRunner.java:415)at org.testng.SuiteRunner.run(SuiteRunner.java:364)at org.testng.SuiteRunnerWorker.runSuite(SuiteRunnerWorker.java:52)at org.testng.SuiteRunnerWorker.run(SuiteRunnerWorker.java:84)at org.testng.TestNG.runSuitesSequentially(TestNG.java:1187)at org.testng.TestNG.runSuitesLocally(TestNG.java:1116)at org.testng.TestNG.runSuites(TestNG.java:1028)at org.testng.TestNG.run(TestNG.java:996)at org.testng.remote.AbstractRemoteTestNG.run(AbstractRemoteTestNG.java:114)at org.testng.remote.RemoteTestNG.initAndRun(RemoteTestNG.java:251)at org.testng.remote.RemoteTestNG.main(RemoteTestNG.java:77)]]>
            </full-stacktrace>
          </exception> <!-- org.openqa.selenium.NoSuchElementException -->
          <reporter-output>
            <line>
              <![CDATA[<table style="width: 100%" border="0"><tr><td>Scenario</td><td>Product</td><td>Fail</td><td align="right"><a href="D:\com.ft\screenShots\1524654367061.png" target="_blank"><img src="D:\com.ft\screenShots\1524654367061.png"style="width: 100px; height: 100px;" ></img></a></td></tr></table>]]>
            </line>
            <line>
              <![CDATA[<table style="width: 100%" border="0"><tr><td>Scenario</td><td>Types of Product</td><td>Fail</td><td align="right"><a href="D:\com.ft\screenShots\1524654367887.png" target="_blank"><img src="D:\com.ft\screenShots\1524654367887.png"style="width: 100px; height: 100px;" ></img></a></td></tr></table>]]>
            </line>
          </reporter-output>
        </test-method> <!-- proposal -->
      </class> <!-- com.ftTest.Proposal -->
    </test> <!-- POT Proposal -->
  </suite> <!-- POT Suite -->
</testng-results>
